<?xml version="1.0" encoding="UTF-8"?>
<testng-results ignored="0" total="0" passed="0" failed="0" skipped="0">
  <reporter-output>
  </reporter-output>
  <suite started-at="2022-06-07T18:26:55 IST" name="flipkart.webautomation.LoginTest" finished-at="2022-06-07T18:26:55 IST" duration-ms="8">
    <groups>
    </groups>
    <test started-at="2022-06-07T18:26:55 IST" name="Command line test" finished-at="2022-06-07T18:26:55 IST" duration-ms="8">
    </test> <!-- Command line test -->
  </suite> <!-- flipkart.webautomation.LoginTest -->
</testng-results>
