<?xml version="1.0" encoding="UTF-8"?>
<testng-results ignored="0" total="1" passed="1" failed="0" skipped="0">
  <reporter-output>
  </reporter-output>
  <suite started-at="2022-12-09T17:35:41 IST" name="Default suite" finished-at="2022-12-09T17:35:54 IST" duration-ms="12851">
    <groups>
    </groups>
    <test started-at="2022-12-09T17:35:41 IST" name="Default test" finished-at="2022-12-09T17:35:54 IST" duration-ms="12851">
      <class name="practiceSelenium.CalendarDemoRedcliff">
        <test-method signature="assertDemo()[pri:0, instance:practiceSelenium.CalendarDemoRedcliff@fa49800]" started-at="2022-12-09T17:35:41 IST" name="assertDemo" finished-at="2022-12-09T17:35:54 IST" duration-ms="12791" status="PASS">
          <reporter-output>
          </reporter-output>
        </test-method> <!-- assertDemo -->
      </class> <!-- practiceSelenium.CalendarDemoRedcliff -->
    </test> <!-- Default test -->
  </suite> <!-- Default suite -->
</testng-results>
